INFO:root:Started
INFO:root:Started
INFO:root:Started
INFO:root:Started
INFO:root:Started
INFO:root:Started
INFO:root:Started
INFO:root:Started
INFO:root:Started: 05:41:05 21/01/2015
INFO:root:Started: 05:41:21 21/01/2015
INFO:root:Started: 05:41:21 21/01/2015
INFO:root:Started: 05:41:22 21/01/2015
INFO:root:Started: 05:41:22 21/01/2015
INFO:root:Started: 05:41:22 21/01/2015
INFO:root:Started: 05:41:22 21/01/2015
INFO:root:Started: 05:44:14 21/01/2015
INFO:root:Started: 05:44:20 21/01/2015
INFO:root:Started: 05:44:21 21/01/2015
INFO:root:Started: 05:45:13 21/01/2015
INFO:root:Started: 05:45:14 21/01/2015
INFO:root:Started: 05:45:21 21/01/2015
INFO:root:Started: 05:45:22 21/01/2015
INFO:root:Started: 14:22:01 21/01/2015
INFO:root:Started: 14:22:26 21/01/2015
INFO:root:Started: 14:22:27 21/01/2015
INFO:root:Started: 14:22:40 21/01/2015
INFO:root:Started: 14:22:40 21/01/2015
INFO:root:Started: 14:22:43 21/01/2015
INFO:root:Started: 14:22:45 21/01/2015
INFO:root:Started: 14:22:45 21/01/2015
INFO:root:Started: 14:22:46 21/01/2015
INFO:root:Started: 14:22:47 21/01/2015
INFO:root:Started: 14:22:51 21/01/2015
INFO:root:Started: 14:23:24 21/01/2015
INFO:root:Started: 14:23:25 21/01/2015
INFO:root:Started: 14:23:31 21/01/2015
INFO:root:Started: 14:23:32 21/01/2015
INFO:root:Started: 14:23:33 21/01/2015
INFO:root:Started: 14:23:59 21/01/2015
INFO:root:{u'Tale': [u'Tale'], u'Pride': [u'Pride'], u'submit': [u'']}
INFO:root:Started: 14:24:01 21/01/2015
INFO:root:{u'submit': [u'']}
INFO:root:Started: 14:24:05 21/01/2015
INFO:root:{u'Tale': [u'Tale'], u'Pride': [u'Pride'], u'submit': [u'']}
INFO:root:Started: 14:24:06 21/01/2015
INFO:root:{u'submit': [u'']}
INFO:root:Started: 14:24:07 21/01/2015
INFO:root:{u'submit': [u'']}
INFO:root:Started: 14:25:00 21/01/2015
INFO:root:{u'submit': [u'']}
INFO:root:Started: 14:25:02 21/01/2015
INFO:root:{u'Pride': [u'on'], u'submit': [u'']}
INFO:root:Started: 14:25:03 21/01/2015
INFO:root:{u'submit': [u'']}
INFO:root:Started: 14:25:44 21/01/2015
INFO:root:{u'submit': [u'']}
INFO:root:Started: 14:25:47 21/01/2015
INFO:root:{u'Pride': [u'on'], u'submit': [u'']}
INFO:root:Started: 14:28:25 21/01/2015
INFO:root:Started: 14:28:28 21/01/2015
INFO:root:Started: 14:28:33 21/01/2015
INFO:root:Started: 14:29:09 21/01/2015
INFO:root:Started: 14:29:17 21/01/2015
INFO:root:Started: 14:29:29 21/01/2015
INFO:root:Started: 14:29:33 21/01/2015
INFO:root:Started: 14:29:49 21/01/2015
INFO:root:Started: 14:30:34 21/01/2015
INFO:root:Started: 14:30:37 21/01/2015
INFO:root:Started: 14:30:51 21/01/2015
INFO:root:Started: 14:31:19 21/01/2015
INFO:root:Started: 14:31:21 21/01/2015
INFO:root:Started: 14:31:27 21/01/2015
INFO:root:Started: 14:31:54 21/01/2015
INFO:root:Started: 14:31:58 21/01/2015
INFO:root:Started: 14:32:02 21/01/2015
INFO:root:Started: 14:32:19 21/01/2015
INFO:root:Started: 14:32:23 21/01/2015
INFO:root:Started: 14:32:31 21/01/2015
INFO:root:Started: 14:32:48 21/01/2015
INFO:root:Started: 14:32:49 21/01/2015
INFO:root:Started: 14:32:51 21/01/2015
INFO:root:Started: 14:32:56 21/01/2015
INFO:root:Started: 14:33:03 21/01/2015
INFO:root:Started: 14:33:06 21/01/2015
INFO:root:Started: 17:04:26 21/01/2015
ERROR:root:list index out of range
Traceback (most recent call last):
  File "/home/dean/python_stuff_ubuntu/web/poem_maker/poem_gen/views.py", line 134, in index
    poem = poem_creator(available_files[0], available_files[1])
IndexError: list index out of range
INFO:root:['kant.txt', 'AustenPride_3uekigh.txt', 'deadmen.txt', 'tester.txt', 'yellow.txt', 'christie.txt', 'steam.txt', 'conrad.txt', 'GlassbyEdwardDillon.txt', 'DickensTaleofTwo_pZRgq9l.txt', 'fairy.txt', 'china.txt', 'AustenPride.txt', 'kafka.txt', 'DickensTaleofTwo.txt']
INFO:root:Started: 17:04:33 21/01/2015
ERROR:root:list index out of range
Traceback (most recent call last):
  File "/home/dean/python_stuff_ubuntu/web/poem_maker/poem_gen/views.py", line 134, in index
    poem = poem_creator(available_files[0], available_files[1])
IndexError: list index out of range
INFO:root:['kant.txt', 'AustenPride_3uekigh.txt', 'deadmen.txt', 'tester.txt', 'yellow.txt', 'christie.txt', 'steam.txt', 'conrad.txt', 'GlassbyEdwardDillon.txt', 'DickensTaleofTwo_pZRgq9l.txt', 'fairy.txt', 'china.txt', 'AustenPride.txt', 'kafka.txt', 'DickensTaleofTwo.txt']
INFO:root:Started: 17:04:34 21/01/2015
ERROR:root:list index out of range
Traceback (most recent call last):
  File "/home/dean/python_stuff_ubuntu/web/poem_maker/poem_gen/views.py", line 134, in index
    poem = poem_creator(available_files[0], available_files[1])
IndexError: list index out of range
INFO:root:['kant.txt', 'AustenPride_3uekigh.txt', 'deadmen.txt', 'tester.txt', 'yellow.txt', 'christie.txt', 'steam.txt', 'conrad.txt', 'GlassbyEdwardDillon.txt', 'DickensTaleofTwo_pZRgq9l.txt', 'fairy.txt', 'china.txt', 'AustenPride.txt', 'kafka.txt', 'DickensTaleofTwo.txt']
INFO:root:Started: 17:04:55 21/01/2015
ERROR:root:list index out of range
Traceback (most recent call last):
  File "/home/dean/python_stuff_ubuntu/web/poem_maker/poem_gen/views.py", line 135, in index
    poem = poem_creator(available_files[0], available_files[1])
IndexError: list index out of range
INFO:root:['kant.txt', 'AustenPride_3uekigh.txt', 'deadmen.txt', 'tester.txt', 'yellow.txt', 'christie.txt', 'steam.txt', 'conrad.txt', 'GlassbyEdwardDillon.txt', 'DickensTaleofTwo_pZRgq9l.txt', 'fairy.txt', 'china.txt', 'AustenPride.txt', 'kafka.txt', 'DickensTaleofTwo.txt']
INFO:root:Started: 17:05:08 21/01/2015
ERROR:root:list index out of range
Traceback (most recent call last):
  File "/home/dean/python_stuff_ubuntu/web/poem_maker/poem_gen/views.py", line 135, in index
    poem = poem_creator(available_files[0], available_files[1])
IndexError: list index out of range
INFO:root:['kant.txt', 'AustenPride_3uekigh.txt', 'deadmen.txt', 'tester.txt', 'yellow.txt', 'christie.txt', 'steam.txt', 'conrad.txt', 'GlassbyEdwardDillon.txt', 'DickensTaleofTwo_pZRgq9l.txt', 'fairy.txt', 'china.txt', 'AustenPride.txt', 'kafka.txt', 'DickensTaleofTwo.txt']
INFO:root:Started: 17:05:45 21/01/2015
ERROR:root:list index out of range
Traceback (most recent call last):
  File "/home/dean/python_stuff_ubuntu/web/poem_maker/poem_gen/views.py", line 136, in index
    poem = poem_creator(available_files[0], available_files[1])
IndexError: list index out of range
INFO:root:['kant.txt', 'AustenPride_3uekigh.txt', 'deadmen.txt', 'tester.txt', 'yellow.txt', 'christie.txt', 'steam.txt', 'conrad.txt', 'GlassbyEdwardDillon.txt', 'DickensTaleofTwo_pZRgq9l.txt', 'fairy.txt', 'china.txt', 'AustenPride.txt', 'kafka.txt', 'DickensTaleofTwo.txt']
INFO:root:Started: 17:07:28 21/01/2015
ERROR:root:list index out of range
Traceback (most recent call last):
  File "/home/dean/python_stuff_ubuntu/web/poem_maker/poem_gen/views.py", line 137, in index
    poem = poem_creator(available_files[0], available_files[1])
IndexError: list index out of range
INFO:root:['kant.txt', 'AustenPride_3uekigh.txt', 'deadmen.txt', 'tester.txt', 'yellow.txt', 'christie.txt', 'steam.txt', 'conrad.txt', 'GlassbyEdwardDillon.txt', 'DickensTaleofTwo_pZRgq9l.txt', 'fairy.txt', 'china.txt', 'AustenPride.txt', 'kafka.txt', 'DickensTaleofTwo.txt']
INFO:root:Started: 17:07:48 21/01/2015
ERROR:root:list index out of range
Traceback (most recent call last):
  File "/home/dean/python_stuff_ubuntu/web/poem_maker/poem_gen/views.py", line 138, in index
    poem = poem_creator(available_files[0], available_files[1])
IndexError: list index out of range
INFO:root:['kant.txt', 'AustenPride_3uekigh.txt', 'deadmen.txt', 'tester.txt', 'yellow.txt', 'christie.txt', 'steam.txt', 'conrad.txt', 'GlassbyEdwardDillon.txt', 'DickensTaleofTwo_pZRgq9l.txt', 'fairy.txt', 'china.txt', 'AustenPride.txt', 'kafka.txt', 'DickensTaleofTwo.txt']
INFO:root:Started: 17:08:05 21/01/2015
ERROR:root:list index out of range
Traceback (most recent call last):
  File "/home/dean/python_stuff_ubuntu/web/poem_maker/poem_gen/views.py", line 138, in index
    poem = poem_creator(available_files[0], available_files[1])
IndexError: list index out of range
INFO:root:['kant.txt', 'AustenPride_3uekigh.txt', 'deadmen.txt', 'tester.txt', 'yellow.txt', 'christie.txt', 'steam.txt', 'conrad.txt', 'GlassbyEdwardDillon.txt', 'DickensTaleofTwo_pZRgq9l.txt', 'fairy.txt', 'china.txt', 'AustenPride.txt', 'kafka.txt', 'DickensTaleofTwo.txt']
INFO:root:Started: 17:10:33 21/01/2015
ERROR:root:list index out of range
Traceback (most recent call last):
  File "/home/dean/python_stuff_ubuntu/web/poem_maker/poem_gen/views.py", line 138, in index
    poem = poem_creator(available_files[0], available_files[1])
IndexError: list index out of range
INFO:root:['kant.txt', 'AustenPride_3uekigh.txt', 'deadmen.txt', 'tester.txt', 'yellow.txt', 'christie.txt', 'steam.txt', 'conrad.txt', 'GlassbyEdwardDillon.txt', 'DickensTaleofTwo_pZRgq9l.txt', 'fairy.txt', 'china.txt', 'AustenPride.txt', 'kafka.txt', 'DickensTaleofTwo.txt']
INFO:root:Started: 17:10:54 21/01/2015
ERROR:root:list index out of range
Traceback (most recent call last):
  File "/home/dean/python_stuff_ubuntu/web/poem_maker/poem_gen/views.py", line 138, in index
    poem = poem_creator(available_files[0], available_files[1])
IndexError: list index out of range
INFO:root:['kant.txt', 'AustenPride_3uekigh.txt', 'deadmen.txt', 'tester.txt', 'yellow.txt', 'christie.txt', 'steam.txt', 'conrad.txt', 'GlassbyEdwardDillon.txt', 'DickensTaleofTwo_pZRgq9l.txt', 'fairy.txt', 'china.txt', 'AustenPride.txt', 'kafka.txt', 'DickensTaleofTwo.txt']
INFO:root:Started: 17:11:39 21/01/2015
INFO:root:Started: 17:11:49 21/01/2015
ERROR:root:list index out of range
Traceback (most recent call last):
  File "/home/dean/python_stuff_ubuntu/web/poem_maker/poem_gen/views.py", line 140, in index
    poem = poem_creator(available_files[0], available_files[1])
IndexError: list index out of range
INFO:root:['kant.txt', 'AustenPride_3uekigh.txt', 'deadmen.txt', 'tester.txt', 'yellow.txt', 'christie.txt', 'steam.txt', 'conrad.txt', 'GlassbyEdwardDillon.txt', 'DickensTaleofTwo_pZRgq9l.txt', 'fairy.txt', 'china.txt', 'AustenPride.txt', 'kafka.txt', 'DickensTaleofTwo.txt']
INFO:root:Started: 17:12:34 21/01/2015
INFO:root:Started: 17:15:10 21/01/2015
INFO:root:Started: 17:16:44 21/01/2015
INFO:root:Started: 17:16:46 21/01/2015
INFO:root:Started: 17:16:51 21/01/2015
INFO:root:Started: 17:17:01 21/01/2015
INFO:root:Started: 17:17:24 21/01/2015
INFO:root:Started: 17:23:14 21/01/2015
INFO:root:Started: 17:37:11 21/01/2015
INFO:root:Started: 17:37:40 21/01/2015
INFO:root:Started: 17:37:48 21/01/2015
INFO:root:Started: 17:40:29 21/01/2015
INFO:root:Started: 17:41:00 21/01/2015
INFO:root:Started: 17:41:47 21/01/2015
INFO:root:Started: 17:41:49 21/01/2015
INFO:root:Started: 17:42:14 21/01/2015
INFO:root:Started: 17:42:18 21/01/2015
INFO:root:Started: 17:42:22 21/01/2015
INFO:root:Started: 17:42:35 21/01/2015
INFO:root:Started: 17:43:10 21/01/2015
INFO:root:Started: 17:43:19 21/01/2015
INFO:root:Started: 17:43:28 21/01/2015
INFO:root:Started: 17:43:33 21/01/2015
INFO:root:Started: 17:45:39 21/01/2015
INFO:root:Started: 17:45:43 21/01/2015
INFO:root:Started: 17:45:56 21/01/2015
INFO:root:Started: 17:45:59 21/01/2015
INFO:root:Started: 17:46:10 21/01/2015
INFO:root:Started: 17:46:14 21/01/2015
INFO:root:Started: 17:49:20 21/01/2015
INFO:root:Started: 17:49:54 21/01/2015
INFO:root:Started: 17:49:58 21/01/2015
INFO:root:Started: 17:50:14 21/01/2015
INFO:root:Started: 17:50:18 21/01/2015
INFO:root:Started: 17:50:37 21/01/2015
INFO:root:Started: 17:50:39 21/01/2015
INFO:root:Started: 17:50:45 21/01/2015
INFO:root:Started: 17:51:27 21/01/2015
INFO:root:Started: 17:51:30 21/01/2015
INFO:root:Started: 17:55:16 21/01/2015
INFO:root:Started: 17:55:28 21/01/2015
INFO:root:Started: 17:55:50 21/01/2015
INFO:root:Started: 17:55:58 21/01/2015
INFO:root:Started: 17:56:01 21/01/2015
INFO:root:Started: 17:56:14 21/01/2015
INFO:root:Started: 17:56:17 21/01/2015
INFO:root:Started: 17:56:39 21/01/2015
INFO:root:Started: 17:57:02 21/01/2015
INFO:root:Started: 17:57:05 21/01/2015
INFO:root:Started: 17:57:13 21/01/2015
INFO:root:Started: 17:57:31 21/01/2015
INFO:root:Started: 17:57:34 21/01/2015
INFO:root:Started: 17:57:54 21/01/2015
INFO:root:Started: 17:57:57 21/01/2015
INFO:root:Started: 17:58:13 21/01/2015
INFO:root:Started: 17:58:16 21/01/2015
INFO:root:Started: 17:58:31 21/01/2015
INFO:root:Started: 17:59:00 21/01/2015
INFO:root:Started: 18:00:22 21/01/2015
INFO:root:Started: 18:01:01 21/01/2015
INFO:root:Started: 07:07:16 23/01/2015
INFO:root:Started: 07:07:25 23/01/2015
INFO:root:Started: 07:07:42 23/01/2015
INFO:root:Started: 07:07:44 23/01/2015
INFO:root:Started: 07:07:48 23/01/2015
INFO:root:Started: 07:08:03 23/01/2015
INFO:root:Started: 07:08:04 23/01/2015
INFO:root:Started: 07:08:05 23/01/2015
INFO:root:Started: 07:08:05 23/01/2015
INFO:root:Started: 07:08:07 23/01/2015
INFO:root:Started: 07:08:10 23/01/2015
INFO:root:Started: 07:08:30 23/01/2015
INFO:root:Started: 07:09:40 23/01/2015
INFO:root:Started: 07:10:27 23/01/2015
INFO:root:Started: 07:10:31 23/01/2015
INFO:root:Started: 07:28:59 23/01/2015
INFO:root:Started: 07:40:36 23/01/2015
INFO:root:Started: 07:40:41 23/01/2015
INFO:root:Started: 07:40:46 23/01/2015
INFO:root:Started: 07:40:58 23/01/2015
INFO:root:Started: 07:41:40 23/01/2015
INFO:root:Started: 07:41:58 23/01/2015
INFO:root:Started: 07:42:01 23/01/2015
INFO:root:Started: 07:42:42 23/01/2015
INFO:root:Started: 07:42:56 23/01/2015
INFO:root:Started: 07:43:07 23/01/2015
ERROR:root:list index out of range
Traceback (most recent call last):
  File "/home/dean/python_stuff_ubuntu/web/poem_maker/poem_gen/views.py", line 179, in index
    poem = poem_creator(available_files[0], available_files[1])
IndexError: list index out of range
INFO:root:Started: 07:43:10 23/01/2015
ERROR:root:list index out of range
Traceback (most recent call last):
  File "/home/dean/python_stuff_ubuntu/web/poem_maker/poem_gen/views.py", line 179, in index
    poem = poem_creator(available_files[0], available_files[1])
IndexError: list index out of range
INFO:root:Started: 07:43:55 23/01/2015
INFO:root:Started: 07:43:57 23/01/2015
ERROR:root:list index out of range
Traceback (most recent call last):
  File "/home/dean/python_stuff_ubuntu/web/poem_maker/poem_gen/views.py", line 179, in index
    poem = poem_creator(available_files[0], available_files[1])
IndexError: list index out of range
INFO:root:Started: 07:45:17 23/01/2015
INFO:root:Started: 07:45:19 23/01/2015
INFO:root:Started: 07:45:41 23/01/2015
INFO:root:Started: 07:46:24 23/01/2015
INFO:root:Started: 07:48:07 23/01/2015
INFO:root:Started: 07:48:15 23/01/2015
INFO:root:Started: 07:48:31 23/01/2015
INFO:root:Started: 07:49:19 23/01/2015
INFO:root:Started: 07:49:29 23/01/2015
INFO:root:Started: 07:49:32 23/01/2015
INFO:root:Started: 07:49:56 23/01/2015
INFO:root:Started: 07:49:59 23/01/2015
INFO:root:Started: 07:50:34 23/01/2015
INFO:root:Started: 07:50:46 23/01/2015
INFO:root:Started: 07:50:50 23/01/2015
INFO:root:Started: 07:51:42 23/01/2015
INFO:root:Started: 07:52:18 23/01/2015
INFO:root:Started: 07:52:37 23/01/2015
INFO:root:Started: 07:53:36 23/01/2015
INFO:root:Started: 07:54:39 23/01/2015
INFO:root:Started: 07:56:10 23/01/2015
INFO:root:Started: 07:58:33 23/01/2015
INFO:root:Started: 08:11:31 23/01/2015
INFO:root:Started: 08:11:34 23/01/2015
INFO:root:Started: 08:12:22 23/01/2015
INFO:root:Started: 11:21:46 28/01/2015
INFO:root:Started: 11:21:50 28/01/2015
ERROR:root:[Errno 2] No such file or directory: u'/home/dean/python_stuff_ubuntu/web/poem_maker/media/texts/AustenPride.txt'
Traceback (most recent call last):
  File "/home/dean/python_stuff_ubuntu/web/poem_maker/poem_gen/views.py", line 168, in index
    poem = poem_creator(getted[0], getted[1])
  File "/home/dean/python_stuff_ubuntu/web/poem_maker/poem_gen/views.py", line 28, in poem_creator
    object1.text.open()
  File "/usr/local/lib/python2.7/dist-packages/django/db/models/fields/files.py", line 79, in open
    self.file.open(mode)
  File "/usr/local/lib/python2.7/dist-packages/django/db/models/fields/files.py", line 49, in _get_file
    self._file = self.storage.open(self.name, 'rb')
  File "/usr/local/lib/python2.7/dist-packages/django/core/files/storage.py", line 35, in open
    return self._open(name, mode)
  File "/usr/local/lib/python2.7/dist-packages/django/core/files/storage.py", line 172, in _open
    return File(open(self.path(name), mode))
IOError: [Errno 2] No such file or directory: u'/home/dean/python_stuff_ubuntu/web/poem_maker/media/texts/AustenPride.txt'
INFO:root:Started: 11:38:31 28/01/2015
INFO:root:Started: 11:43:55 28/01/2015
INFO:root:Started: 11:44:20 28/01/2015
INFO:root:Started: 11:45:28 28/01/2015
INFO:root:Started: 11:45:35 28/01/2015
INFO:root:Started: 11:45:36 28/01/2015
INFO:root:Started: 11:53:41 28/01/2015
INFO:root:Started: 11:55:08 28/01/2015
INFO:root:Started: 11:57:12 28/01/2015
INFO:root:Started: 11:58:37 28/01/2015
INFO:root:Started: 12:03:39 28/01/2015
INFO:root:Started: 12:08:53 28/01/2015
INFO:root:Started: 12:09:57 28/01/2015
INFO:root:Started: 12:12:18 28/01/2015
INFO:root:Started: 12:12:20 28/01/2015
INFO:root:Started: 12:12:55 28/01/2015
INFO:root:Started: 12:12:56 28/01/2015
INFO:root:Started: 12:12:59 28/01/2015
INFO:root:Started: 12:13:08 28/01/2015
INFO:root:Started: 12:13:09 28/01/2015
INFO:root:Started: 12:15:40 28/01/2015
INFO:root:Started: 12:15:50 28/01/2015
INFO:root:Started: 12:16:09 28/01/2015
INFO:root:Started: 12:16:36 28/01/2015
INFO:root:Started: 12:16:37 28/01/2015
INFO:root:Started: 12:16:38 28/01/2015
INFO:root:Started: 12:16:41 28/01/2015
INFO:root:Started: 12:16:46 28/01/2015
INFO:root:Started: 12:29:47 28/01/2015
INFO:root:Started: 12:29:48 28/01/2015
INFO:root:<ul class="errorlist"><li>text<ul class="errorlist"><li>This field is required.</li></ul></li><li>name<ul class="errorlist"><li>This field is required.</li></ul></li><li>author<ul class="errorlist"><li>This field is required.</li></ul></li></ul>
INFO:root:Started: 12:30:08 28/01/2015
INFO:root:<ul class="errorlist"><li>text<ul class="errorlist"><li>This field is required.</li></ul></li><li>name<ul class="errorlist"><li>This field is required.</li></ul></li><li>author<ul class="errorlist"><li>This field is required.</li></ul></li></ul>
INFO:root:Started: 12:30:36 28/01/2015
INFO:root:<ul class="errorlist"><li>text<ul class="errorlist"><li>This field is required.</li></ul></li><li>name<ul class="errorlist"><li>This field is required.</li></ul></li><li>author<ul class="errorlist"><li>This field is required.</li></ul></li></ul>
INFO:root:Started: 12:31:14 28/01/2015
INFO:root:<ul class="errorlist"><li>text<ul class="errorlist"><li>This field is required.</li></ul></li><li>name<ul class="errorlist"><li>This field is required.</li></ul></li><li>author<ul class="errorlist"><li>This field is required.</li></ul></li></ul>
INFO:root:Started: 12:31:41 28/01/2015
INFO:root:<ul class="errorlist"><li>text<ul class="errorlist"><li>This field is required.</li></ul></li><li>name<ul class="errorlist"><li>This field is required.</li></ul></li><li>author<ul class="errorlist"><li>This field is required.</li></ul></li></ul>
INFO:root:Started: 14:47:47 28/01/2015
INFO:root:<ul class="errorlist"><li>name<ul class="errorlist"><li>This field is required.</li></ul></li><li>author<ul class="errorlist"><li>This field is required.</li></ul></li></ul>
INFO:root:Started: 14:48:12 28/01/2015
INFO:root:<ul class="errorlist"><li>name<ul class="errorlist"><li>This field is required.</li></ul></li><li>author<ul class="errorlist"><li>This field is required.</li></ul></li></ul>
INFO:root:Started: 14:48:32 28/01/2015
INFO:root:<ul class="errorlist"><li>name<ul class="errorlist"><li>This field is required.</li></ul></li><li>author<ul class="errorlist"><li>This field is required.</li></ul></li></ul>
INFO:root:Started: 14:48:54 28/01/2015
INFO:root:<ul class="errorlist"><li>name<ul class="errorlist"><li>This field is required.</li></ul></li><li>author<ul class="errorlist"><li>This field is required.</li></ul></li></ul>
INFO:root:Started: 14:49:17 28/01/2015
INFO:root:<ul class="errorlist"><li>name<ul class="errorlist"><li>This field is required.</li></ul></li><li>author<ul class="errorlist"><li>This field is required.</li></ul></li></ul>
INFO:root:Started: 14:50:03 28/01/2015
INFO:root:<ul class="errorlist"><li>name<ul class="errorlist"><li>This field is required.</li></ul></li><li>author<ul class="errorlist"><li>This field is required.</li></ul></li></ul>
INFO:root:Started: 14:50:25 28/01/2015
INFO:root:<ul class="errorlist"><li>name<ul class="errorlist"><li>This field is required.</li></ul></li><li>author<ul class="errorlist"><li>This field is required.</li></ul></li></ul>
INFO:root:Started: 14:52:11 28/01/2015
INFO:root:Started: 14:52:43 28/01/2015
INFO:root:Started: 14:53:03 28/01/2015
INFO:root:Started: 14:53:16 28/01/2015
INFO:root:Started: 14:53:44 28/01/2015
INFO:root:Started: 14:54:06 28/01/2015
INFO:root:Started: 14:54:14 28/01/2015
INFO:root:Started: 14:54:52 28/01/2015
INFO:root:Started: 14:55:08 28/01/2015
INFO:root:Started: 14:56:05 28/01/2015
INFO:root:Started: 14:58:11 28/01/2015
INFO:root:Started: 14:58:13 28/01/2015
INFO:root:Started: 14:58:37 28/01/2015
INFO:root:Started: 14:58:37 28/01/2015
INFO:root:Started: 14:58:39 28/01/2015
INFO:root:Started: 14:58:39 28/01/2015
INFO:root:Started: 14:58:41 28/01/2015
INFO:root:Started: 14:58:41 28/01/2015
INFO:root:Started: 14:58:42 28/01/2015
INFO:root:Started: 14:58:42 28/01/2015
INFO:root:Started: 14:59:25 28/01/2015
INFO:root:Started: 14:59:25 28/01/2015
INFO:root:Started: 14:59:42 28/01/2015
INFO:root:Started: 14:59:43 28/01/2015
INFO:root:Started: 14:59:45 28/01/2015
INFO:root:Started: 14:59:45 28/01/2015
INFO:root:Started: 14:59:47 28/01/2015
INFO:root:Started: 14:59:48 28/01/2015
INFO:root:Started: 14:59:48 28/01/2015
INFO:root:Started: 14:59:49 28/01/2015
INFO:root:Started: 15:00:02 28/01/2015
INFO:root:Started: 15:00:02 28/01/2015
INFO:root:Started: 15:01:49 28/01/2015
INFO:root:Started: 15:01:56 28/01/2015
INFO:root:Started: 15:01:56 28/01/2015
INFO:root:Started: 15:04:46 28/01/2015
INFO:root:Started: 15:04:51 28/01/2015
INFO:root:Started: 15:04:57 28/01/2015
INFO:root:Started: 15:04:57 28/01/2015
INFO:root:Started: 15:05:28 28/01/2015
INFO:root:Started: 15:05:30 28/01/2015
INFO:root:Started: 15:05:30 28/01/2015
INFO:root:Started: 15:05:30 28/01/2015
INFO:root:Started: 15:05:51 28/01/2015
INFO:root:Started: 15:05:52 28/01/2015
INFO:root:Started: 15:05:58 28/01/2015
INFO:root:Started: 15:06:19 28/01/2015
INFO:root:Started: 15:06:24 28/01/2015
INFO:root:Started: 15:06:25 28/01/2015
INFO:root:Started: 15:06:25 28/01/2015
INFO:root:Started: 15:06:54 28/01/2015
INFO:root:Started: 15:07:04 28/01/2015
INFO:root:Started: 15:07:21 28/01/2015
INFO:root:Started: 15:07:22 28/01/2015
INFO:root:Started: 15:07:30 28/01/2015
INFO:root:Started: 15:07:56 28/01/2015
INFO:root:Started: 15:07:59 28/01/2015
INFO:root:Started: 15:08:08 28/01/2015
INFO:root:Started: 15:08:16 28/01/2015
INFO:root:Started: 15:08:33 28/01/2015
INFO:root:Started: 15:08:59 28/01/2015
INFO:root:Started: 15:09:44 28/01/2015
INFO:root:Started: 15:10:01 28/01/2015
INFO:root:Started: 15:10:11 28/01/2015
INFO:root:Started: 15:10:19 28/01/2015
INFO:root:Started: 15:10:20 28/01/2015
INFO:root:Started: 15:10:28 28/01/2015
INFO:root:Started: 15:10:33 28/01/2015
INFO:root:Started: 15:10:38 28/01/2015
INFO:root:Started: 15:10:41 28/01/2015
INFO:root:Started: 15:10:52 28/01/2015
INFO:root:Started: 15:11:00 28/01/2015
INFO:root:Started: 15:11:09 28/01/2015
INFO:root:Started: 15:11:30 28/01/2015
INFO:root:Started: 15:11:50 28/01/2015
INFO:root:Started: 15:12:00 28/01/2015
INFO:root:Started: 15:12:19 28/01/2015
INFO:root:Started: 15:12:24 28/01/2015
INFO:root:Started: 15:12:44 28/01/2015
INFO:root:Started: 15:12:51 28/01/2015
INFO:root:Started: 15:12:57 28/01/2015
INFO:root:Started: 15:13:01 28/01/2015
INFO:root:Started: 15:13:25 28/01/2015
INFO:root:Started: 15:13:31 28/01/2015
INFO:root:Started: 15:14:01 28/01/2015
INFO:root:Started: 15:14:07 28/01/2015
INFO:root:Started: 15:14:16 28/01/2015
INFO:root:Started: 15:14:26 28/01/2015
INFO:root:Started: 15:14:32 28/01/2015
INFO:root:Started: 15:14:42 28/01/2015
INFO:root:Started: 15:15:00 28/01/2015
INFO:root:Started: 15:15:07 28/01/2015
INFO:root:Started: 15:15:08 28/01/2015
INFO:root:Started: 15:15:15 28/01/2015
INFO:root:Started: 15:15:22 28/01/2015
INFO:root:Started: 15:15:27 28/01/2015
INFO:root:Started: 15:15:32 28/01/2015
INFO:root:Started: 15:15:41 28/01/2015
INFO:root:Started: 15:15:47 28/01/2015
INFO:root:Started: 15:15:51 28/01/2015
INFO:root:Started: 15:18:41 28/01/2015
INFO:root:Started: 15:18:42 28/01/2015
INFO:root:Started: 15:18:50 28/01/2015
INFO:root:Started: 15:18:50 28/01/2015
INFO:root:Started: 15:20:27 28/01/2015
ERROR:root:'title'
Traceback (most recent call last):
  File "/home/dean/python_stuff_ubuntu/web/poem_maker/poem_gen/views.py", line 205, in upload_book
    title = request_dict['title'][0]
KeyError: 'title'
INFO:root:Started: 15:20:37 28/01/2015
INFO:root:Started: 15:20:37 28/01/2015
INFO:root:Started: 15:21:40 28/01/2015
INFO:root:Started: 15:21:41 28/01/2015
INFO:root:Started: 15:22:05 28/01/2015
INFO:root:Started: 15:22:11 28/01/2015
INFO:root:Started: 15:22:11 28/01/2015
INFO:root:Started: 15:25:26 28/01/2015
ERROR:root:'title'
Traceback (most recent call last):
  File "/home/dean/python_stuff_ubuntu/web/poem_maker/poem_gen/views.py", line 205, in upload_book
    title = request_dict['title'][0]
KeyError: 'title'
INFO:root:Started: 15:25:31 28/01/2015
INFO:root:Started: 15:25:31 28/01/2015
INFO:root:Started: 15:35:45 28/01/2015
INFO:root:Started: 15:35:53 28/01/2015
INFO:root:<ul class="errorlist"><li>text<ul class="errorlist"><li>This field is required.</li></ul></li><li>name<ul class="errorlist"><li>This field is required.</li></ul></li><li>author<ul class="errorlist"><li>This field is required.</li></ul></li></ul>
INFO:root:Started: 15:36:08 28/01/2015
INFO:root:<ul class="errorlist"><li>text<ul class="errorlist"><li>This field is required.</li></ul></li><li>name<ul class="errorlist"><li>This field is required.</li></ul></li><li>author<ul class="errorlist"><li>This field is required.</li></ul></li></ul>
INFO:root:Started: 15:36:19 28/01/2015
INFO:root:<ul class="errorlist"><li>text<ul class="errorlist"><li>This field is required.</li></ul></li></ul>
INFO:root:Started: 15:38:30 28/01/2015
INFO:root:<ul class="errorlist"><li>text<ul class="errorlist"><li>This field is required.</li></ul></li></ul>
INFO:root:Started: 15:38:33 28/01/2015
INFO:root:<ul class="errorlist"><li>text<ul class="errorlist"><li>This field is required.</li></ul></li></ul>
INFO:root:Started: 15:39:10 28/01/2015
INFO:root:<ul class="errorlist"><li>text<ul class="errorlist"><li>This field is required.</li></ul></li></ul>
INFO:root:Started: 15:39:23 28/01/2015
INFO:root:<ul class="errorlist"><li>text<ul class="errorlist"><li>This field is required.</li></ul></li></ul>
INFO:root:Started: 15:43:24 28/01/2015
INFO:root:Started: 15:43:25 28/01/2015
INFO:root:<ul class="errorlist"><li>text<ul class="errorlist"><li>This field is required.</li></ul></li><li>name<ul class="errorlist"><li>This field is required.</li></ul></li><li>author<ul class="errorlist"><li>This field is required.</li></ul></li></ul>
INFO:root:Started: 15:43:32 28/01/2015
INFO:root:<ul class="errorlist"><li>text<ul class="errorlist"><li>This field is required.</li></ul></li></ul>
INFO:root:Started: 15:44:26 28/01/2015
INFO:root:<ul class="errorlist"><li>file<ul class="errorlist"><li>This field is required.</li></ul></li></ul>
INFO:root:Started: 15:44:29 28/01/2015
INFO:root:<ul class="errorlist"><li>file<ul class="errorlist"><li>This field is required.</li></ul></li></ul>
INFO:root:Started: 15:44:45 28/01/2015
INFO:root:<ul class="errorlist"><li>file<ul class="errorlist"><li>This field is required.</li></ul></li></ul>
INFO:root:Started: 02:50:16 29/01/2015
INFO:root:Started: 14:32:57 29/01/2015
INFO:root:Started: 14:39:22 29/01/2015
INFO:root:Started: 14:39:24 29/01/2015
INFO:root:Started: 14:39:38 29/01/2015
INFO:root:Started: 14:40:00 29/01/2015
ERROR:root:'file_to_upload'
Traceback (most recent call last):
  File "/home/dean/python_stuff_ubuntu/web/poem_maker/poem_gen/views.py", line 206, in upload_book
    file_path = request_dict['file_to_upload'][0]
KeyError: 'file_to_upload'
INFO:root:Started: 14:44:58 29/01/2015
INFO:root:Started: 14:44:58 29/01/2015
INFO:root:Started: 14:45:20 29/01/2015
ERROR:root:[Errno 2] No such file or directory: u'/home/dean/python_stuff_ubuntu/web/poem_maker/media/texts/conrad.txt'
Traceback (most recent call last):
  File "/home/dean/python_stuff_ubuntu/web/poem_maker/poem_gen/views.py", line 173, in index
    poem = poem_creator(getted[0], getted[1])
  File "/home/dean/python_stuff_ubuntu/web/poem_maker/poem_gen/views.py", line 33, in poem_creator
    object1.text.open()
  File "/usr/local/lib/python2.7/dist-packages/django/db/models/fields/files.py", line 79, in open
    self.file.open(mode)
  File "/usr/local/lib/python2.7/dist-packages/django/db/models/fields/files.py", line 49, in _get_file
    self._file = self.storage.open(self.name, 'rb')
  File "/usr/local/lib/python2.7/dist-packages/django/core/files/storage.py", line 35, in open
    return self._open(name, mode)
  File "/usr/local/lib/python2.7/dist-packages/django/core/files/storage.py", line 172, in _open
    return File(open(self.path(name), mode))
IOError: [Errno 2] No such file or directory: u'/home/dean/python_stuff_ubuntu/web/poem_maker/media/texts/conrad.txt'
INFO:root:Started: 14:45:25 29/01/2015
INFO:root:Started: 14:47:14 29/01/2015
INFO:root:Started: 14:47:25 29/01/2015
INFO:root:Started: 14:48:23 29/01/2015
INFO:root:Started: 14:48:23 29/01/2015
INFO:root:Started: 14:48:46 29/01/2015
INFO:root:Started: 14:48:51 29/01/2015
INFO:root:Started: 14:49:09 29/01/2015
INFO:root:Started: 14:49:09 29/01/2015
INFO:root:Started: 14:49:14 29/01/2015
INFO:root:Started: 14:49:37 29/01/2015
ERROR:root:[Errno 2] No such file or directory: u'/home/dean/python_stuff_ubuntu/web/poem_maker/media/texts/AustenPride.txt'
Traceback (most recent call last):
  File "/home/dean/python_stuff_ubuntu/web/poem_maker/poem_gen/views.py", line 173, in index
    poem = poem_creator(getted[0], getted[1])
  File "/home/dean/python_stuff_ubuntu/web/poem_maker/poem_gen/views.py", line 33, in poem_creator
    object1.text.open()
  File "/usr/local/lib/python2.7/dist-packages/django/db/models/fields/files.py", line 79, in open
    self.file.open(mode)
  File "/usr/local/lib/python2.7/dist-packages/django/db/models/fields/files.py", line 49, in _get_file
    self._file = self.storage.open(self.name, 'rb')
  File "/usr/local/lib/python2.7/dist-packages/django/core/files/storage.py", line 35, in open
    return self._open(name, mode)
  File "/usr/local/lib/python2.7/dist-packages/django/core/files/storage.py", line 172, in _open
    return File(open(self.path(name), mode))
IOError: [Errno 2] No such file or directory: u'/home/dean/python_stuff_ubuntu/web/poem_maker/media/texts/AustenPride.txt'
INFO:root:Started: 14:50:08 29/01/2015
INFO:root:Started: 14:50:09 29/01/2015
INFO:root:Started: 14:50:18 29/01/2015
INFO:root:Started: 14:50:18 29/01/2015
INFO:root:Started: 14:50:25 29/01/2015
INFO:root:Started: 14:50:35 29/01/2015
INFO:root:Started: 14:50:35 29/01/2015
INFO:root:Started: 14:51:36 29/01/2015
INFO:root:Started: 14:52:00 29/01/2015
INFO:root:Started: 14:52:00 29/01/2015
INFO:root:Started: 14:52:07 29/01/2015
